<?xml version="1.0" encoding="UTF-8"?>
<!-- Generated by org.testng.reporters.JUnitXMLReporter -->
<testsuite hostname="SADAB" ignored="0" name="Default test" tests="12" failures="0" timestamp="20 Jul 2021 14:29:11 GMT" time="238.012" errors="0">
  <testcase name="navigationAndImplementation" time="210.861" classname="com.magic.test.MainTest"/>
  <testcase name="missingAlt" time="12.079" classname="com.magic.test.MainTest"/>
  <testcase name="missingAltAndArialabelledby" time="9.729" classname="com.magic.test.MainTest"/>
  <testcase name="pageBreak" time="2.719" classname="com.magic.test.MainTest"/>
  <testcase name="marqueeOrBlankTagPresence" time="0.064" classname="com.magic.test.MainTest"/>
  <testcase name="trackTagInsideVideo" time="0.024" classname="com.magic.test.MainTest"/>
  <testcase name="headingHierarchy" time="1.52" classname="com.magic.test.MainTest"/>
  <testcase name="blankHeading" time="0.032" classname="com.magic.test.MainTest"/>
  <testcase name="dataMathMl" time="0.032" classname="com.magic.test.MainTest"/>
  <testcase name="altTextPresent" time="0.808" classname="com.magic.test.MainTest"/>
  <testcase name="altTextLengthGreaterthan155" time="0.032" classname="com.magic.test.MainTest"/>
  <testcase name="mathOperatorNotInMoTag" time="0.032" classname="com.magic.test.MainTest"/>
</testsuite> <!-- Default test -->
